0 info it worked if it ends with ok
1 verbose cli [ '/usr/local/Cellar/node/7.7.1/bin/node',
1 verbose cli   '/usr/local/bin/npm',
1 verbose cli   'run',
1 verbose cli   'serve' ]
2 info using npm@4.1.2
3 info using node@v7.7.1
4 verbose run-script [ 'preserve', 'serve', 'postserve' ]
5 info lifecycle react-star-wars@1.0.0~preserve: react-star-wars@1.0.0
6 silly lifecycle react-star-wars@1.0.0~preserve: no script for preserve, continuing
7 info lifecycle react-star-wars@1.0.0~serve: react-star-wars@1.0.0
8 verbose lifecycle react-star-wars@1.0.0~serve: unsafe-perm in lifecycle true
9 verbose lifecycle react-star-wars@1.0.0~serve: PATH: /usr/local/lib/node_modules/npm/bin/node-gyp-bin:/Users/richardbeese/Project-NoCo/react-star-wars/node_modules/.bin:/Users/richardbeese/.rvm/gems/ruby-2.4.0/bin:/Users/richardbeese/.rvm/gems/ruby-2.4.0@global/bin:/Users/richardbeese/.rvm/rubies/ruby-2.4.0/bin:/usr/local/bin:/usr/local/sbin:/usr/bin:/bin:/usr/sbin:/sbin:/Users/richardbeese/.rvm/bin
10 verbose lifecycle react-star-wars@1.0.0~serve: CWD: /Users/richardbeese/Project-NoCo/react-star-wars
11 silly lifecycle react-star-wars@1.0.0~serve: Args: [ '-c',
11 silly lifecycle   'webpack-dev-server --hot --inline --content-base ./src --open' ]
12 silly lifecycle react-star-wars@1.0.0~serve: Returned: code: 1  signal: null
13 info lifecycle react-star-wars@1.0.0~serve: Failed to exec serve script
14 verbose stack Error: react-star-wars@1.0.0 serve: `webpack-dev-server --hot --inline --content-base ./src --open`
14 verbose stack Exit status 1
14 verbose stack     at EventEmitter.<anonymous> (/usr/local/lib/node_modules/npm/lib/utils/lifecycle.js:279:16)
14 verbose stack     at emitTwo (events.js:106:13)
14 verbose stack     at EventEmitter.emit (events.js:194:7)
14 verbose stack     at ChildProcess.<anonymous> (/usr/local/lib/node_modules/npm/lib/utils/spawn.js:40:14)
14 verbose stack     at emitTwo (events.js:106:13)
14 verbose stack     at ChildProcess.emit (events.js:194:7)
14 verbose stack     at maybeClose (internal/child_process.js:899:16)
14 verbose stack     at Process.ChildProcess._handle.onexit (internal/child_process.js:226:5)
15 verbose pkgid react-star-wars@1.0.0
16 verbose cwd /Users/richardbeese/Project-NoCo/react-star-wars
17 error Darwin 15.6.0
18 error argv "/usr/local/Cellar/node/7.7.1/bin/node" "/usr/local/bin/npm" "run" "serve"
19 error node v7.7.1
20 error npm  v4.1.2
21 error code ELIFECYCLE
22 error react-star-wars@1.0.0 serve: `webpack-dev-server --hot --inline --content-base ./src --open`
22 error Exit status 1
23 error Failed at the react-star-wars@1.0.0 serve script 'webpack-dev-server --hot --inline --content-base ./src --open'.
23 error Make sure you have the latest version of node.js and npm installed.
23 error If you do, this is most likely a problem with the react-star-wars package,
23 error not with npm itself.
23 error Tell the author that this fails on your system:
23 error     webpack-dev-server --hot --inline --content-base ./src --open
23 error You can get information on how to open an issue for this project with:
23 error     npm bugs react-star-wars
23 error Or if that isn't available, you can get their info via:
23 error     npm owner ls react-star-wars
23 error There is likely additional logging output above.
24 verbose exit [ 1, true ]
